<?xml version="1.0" encoding="UTF-8"?>
<testsuite name="tests.Login" tests="1" skipped="0" failures="0" errors="0" timestamp="2022-06-27T16:10:40" hostname="LAPTOP-GAODKJDU" time="11.076">
  <properties/>
  <testcase name="loginPositive" classname="tests.Login" time="11.076"/>
  <system-out><![CDATA[]]></system-out>
  <system-err><![CDATA[]]></system-err>
</testsuite>
